This file contains any messages produced by compilers while
running configure, to aid debugging if configure makes a mistake.

It was created by hmmkit configure 0.1.0, which was
generated by GNU Autoconf 2.69.  Invocation command line was

  $ ./configure 

## --------- ##
## Platform. ##
## --------- ##

hostname = Raymonds-MacBook-Pro.local
uname -m = x86_64
uname -r = 15.4.0
uname -s = Darwin
uname -v = Darwin Kernel Version 15.4.0: Fri Feb 26 22:08:05 PST 2016; root:xnu-3248.40.184~3/RELEASE_X86_64

/usr/bin/uname -p = i386
/bin/uname -X     = unknown

/bin/arch              = unknown
/usr/bin/arch -k       = unknown
/usr/convex/getsysinfo = unknown
/usr/bin/hostinfo      = Mach kernel version:
	 Darwin Kernel Version 15.4.0: Fri Feb 26 22:08:05 PST 2016; root:xnu-3248.40.184~3/RELEASE_X86_64
Kernel configured for up to 4 processors.
2 processors are physically available.
4 processors are logically available.
Processor type: x86_64h (Intel x86-64h Haswell)
Processors active: 0 1 2 3
Primary memory available: 8.00 gigabytes
Default processor set: 270 tasks, 1157 threads, 4 processors
Load average: 1.75, Mach factor: 2.24
/bin/machine           = unknown
/usr/bin/oslevel       = unknown
/bin/universe          = unknown

PATH: /Library/Frameworks/Python.framework/Versions/2.7/bin
PATH: /usr/local/bin
PATH: /usr/bin
PATH: /bin
PATH: /usr/sbin
PATH: /sbin
PATH: /opt/X11/bin
PATH: /usr/local/CrossPack-AVR/bin
PATH: /usr/local/smlnj-110.79/bin/sml
PATH: /Library/Frameworks/Python.framework/Versions/2.7/bin
PATH: /usr/local/smlnj-110.79/bin/sml


## ----------- ##
## Core tests. ##
## ----------- ##

configure:1912: checking for a BSD-compatible install
configure:1980: result: /usr/bin/install -c
configure:1991: checking whether build environment is sane
configure:2046: result: yes
configure:2197: checking for a thread-safe mkdir -p
configure:2236: result: ./install-sh -c -d
configure:2243: checking for gawk
configure:2273: result: no
configure:2243: checking for mawk
configure:2273: result: no
configure:2243: checking for nawk
configure:2273: result: no
configure:2243: checking for awk
configure:2259: found /usr/bin/awk
configure:2270: result: awk
configure:2281: checking whether make sets $(MAKE)
configure:2303: result: yes
configure:2332: checking whether make supports nested variables
configure:2349: result: yes
configure:2526: checking for gcc
configure:2542: found /usr/bin/gcc
configure:2553: result: gcc
configure:2782: checking for C compiler version
configure:2791: gcc --version >&5
Apple LLVM version 7.3.0 (clang-703.0.31)
Target: x86_64-apple-darwin15.4.0
Thread model: posix
InstalledDir: /Applications/Xcode.app/Contents/Developer/Toolchains/XcodeDefault.xctoolchain/usr/bin
Configured with: --prefix=/Applications/Xcode.app/Contents/Developer/usr --with-gxx-include-dir=/usr/include/c++/4.2.1
configure:2802: $? = 0
configure:2791: gcc -v >&5
Configured with: --prefix=/Applications/Xcode.app/Contents/Developer/usr --with-gxx-include-dir=/usr/include/c++/4.2.1
Apple LLVM version 7.3.0 (clang-703.0.31)
Target: x86_64-apple-darwin15.4.0
Thread model: posix
InstalledDir: /Applications/Xcode.app/Contents/Developer/Toolchains/XcodeDefault.xctoolchain/usr/bin
configure:2802: $? = 0
configure:2791: gcc -V >&5
clang: error: argument to '-V' is missing (expected 1 value)
clang: error: no input files
configure:2802: $? = 1
configure:2791: gcc -qversion >&5
clang: error: unknown argument: '-qversion'
clang: error: no input files
configure:2802: $? = 1
configure:2822: checking whether the C compiler works
configure:2844: gcc    conftest.c  >&5
configure:2848: $? = 0
configure:2896: result: yes
configure:2899: checking for C compiler default output file name
configure:2901: result: a.out
configure:2907: checking for suffix of executables
configure:2914: gcc -o conftest    conftest.c  >&5
configure:2918: $? = 0
configure:2940: result: 
configure:2962: checking whether we are cross compiling
configure:2970: gcc -o conftest    conftest.c  >&5
configure:2974: $? = 0
configure:2981: ./conftest
configure:2985: $? = 0
configure:3000: result: no
configure:3005: checking for suffix of object files
configure:3027: gcc -c   conftest.c >&5
configure:3031: $? = 0
configure:3052: result: o
configure:3056: checking whether we are using the GNU C compiler
configure:3075: gcc -c   conftest.c >&5
configure:3075: $? = 0
configure:3084: result: yes
configure:3093: checking whether gcc accepts -g
configure:3113: gcc -c -g  conftest.c >&5
configure:3113: $? = 0
configure:3154: result: yes
configure:3171: checking for gcc option to accept ISO C89
configure:3234: gcc  -c -g -O2  conftest.c >&5
configure:3234: $? = 0
configure:3247: result: none needed
configure:3272: checking whether gcc understands -c and -o together
configure:3294: gcc -c conftest.c -o conftest2.o
configure:3297: $? = 0
configure:3294: gcc -c conftest.c -o conftest2.o
configure:3297: $? = 0
configure:3309: result: yes
configure:3337: checking for style of include used by make
configure:3365: result: GNU
configure:3391: checking dependency style of gcc
configure:3502: result: gcc3
configure:3571: checking for pkg-config
configure:3589: found /usr/local/bin/pkg-config
configure:3601: result: /usr/local/bin/pkg-config
configure:3626: checking pkg-config is at least version 0.9.0
configure:3629: result: yes
configure:3639: checking for libpng
configure:3646: $PKG_CONFIG --exists --print-errors "libpng >= $PNG_REQUIRED_VERSION"
configure:3649: $? = 0
configure:3663: $PKG_CONFIG --exists --print-errors "libpng >= $PNG_REQUIRED_VERSION"
configure:3666: $? = 0
configure:3724: result: yes
configure:3730: checking for zlib
configure:3737: $PKG_CONFIG --exists --print-errors "zlib >= $ZLIB_REQUIRED_VERSION"
configure:3740: $? = 0
configure:3754: $PKG_CONFIG --exists --print-errors "zlib >= $ZLIB_REQUIRED_VERSION"
configure:3757: $? = 0
configure:3815: result: yes
configure:3821: checking for eigen3
configure:3828: $PKG_CONFIG --exists --print-errors "eigen3 >= 3.0"
configure:3831: $? = 0
configure:3845: $PKG_CONFIG --exists --print-errors "eigen3 >= 3.0"
configure:3848: $? = 0
configure:3906: result: yes
configure:3974: checking for g++
configure:3990: found /usr/bin/g++
configure:4001: result: g++
configure:4028: checking for C++ compiler version
configure:4037: g++ --version >&5
Apple LLVM version 7.3.0 (clang-703.0.31)
Target: x86_64-apple-darwin15.4.0
Thread model: posix
InstalledDir: /Applications/Xcode.app/Contents/Developer/Toolchains/XcodeDefault.xctoolchain/usr/bin
Configured with: --prefix=/Applications/Xcode.app/Contents/Developer/usr --with-gxx-include-dir=/usr/include/c++/4.2.1
configure:4048: $? = 0
configure:4037: g++ -v >&5
Configured with: --prefix=/Applications/Xcode.app/Contents/Developer/usr --with-gxx-include-dir=/usr/include/c++/4.2.1
Apple LLVM version 7.3.0 (clang-703.0.31)
Target: x86_64-apple-darwin15.4.0
Thread model: posix
InstalledDir: /Applications/Xcode.app/Contents/Developer/Toolchains/XcodeDefault.xctoolchain/usr/bin
configure:4048: $? = 0
configure:4037: g++ -V >&5
clang: error: argument to '-V' is missing (expected 1 value)
clang: error: no input files
configure:4048: $? = 1
configure:4037: g++ -qversion >&5
clang: error: unknown argument: '-qversion'
clang: error: no input files
configure:4048: $? = 1
configure:4052: checking whether we are using the GNU C++ compiler
configure:4071: g++ -c   conftest.cpp >&5
configure:4071: $? = 0
configure:4080: result: yes
configure:4089: checking whether g++ accepts -g
configure:4109: g++ -c -g  conftest.cpp >&5
configure:4109: $? = 0
configure:4150: result: yes
configure:4175: checking dependency style of g++
configure:4286: result: gcc3
configure:4448: checking that generated files are newer than configure
configure:4454: result: done
configure:4481: creating ./config.status

## ---------------------- ##
## Running config.status. ##
## ---------------------- ##

This file was extended by hmmkit config.status 0.1.0, which was
generated by GNU Autoconf 2.69.  Invocation command line was

  CONFIG_FILES    = 
  CONFIG_HEADERS  = 
  CONFIG_LINKS    = 
  CONFIG_COMMANDS = 
  $ ./config.status 

on Raymonds-MacBook-Pro.local

config.status:787: creating Makefile
config.status:959: executing depfiles commands

## ---------------- ##
## Cache variables. ##
## ---------------- ##

ac_cv_c_compiler_gnu=yes
ac_cv_cxx_compiler_gnu=yes
ac_cv_env_CCC_set=
ac_cv_env_CCC_value=
ac_cv_env_CC_set=
ac_cv_env_CC_value=
ac_cv_env_CFLAGS_set=
ac_cv_env_CFLAGS_value=
ac_cv_env_CPPFLAGS_set=
ac_cv_env_CPPFLAGS_value=
ac_cv_env_CXXFLAGS_set=
ac_cv_env_CXXFLAGS_value=
ac_cv_env_CXX_set=
ac_cv_env_CXX_value=
ac_cv_env_LDFLAGS_set=
ac_cv_env_LDFLAGS_value=
ac_cv_env_LIBS_set=
ac_cv_env_LIBS_value=
ac_cv_env_PKG_CONFIG_LIBDIR_set=
ac_cv_env_PKG_CONFIG_LIBDIR_value=
ac_cv_env_PKG_CONFIG_PATH_set=
ac_cv_env_PKG_CONFIG_PATH_value=
ac_cv_env_PKG_CONFIG_set=
ac_cv_env_PKG_CONFIG_value=
ac_cv_env_build_alias_set=
ac_cv_env_build_alias_value=
ac_cv_env_eigen3_CFLAGS_set=
ac_cv_env_eigen3_CFLAGS_value=
ac_cv_env_eigen3_LIBS_set=
ac_cv_env_eigen3_LIBS_value=
ac_cv_env_host_alias_set=
ac_cv_env_host_alias_value=
ac_cv_env_libpng_CFLAGS_set=
ac_cv_env_libpng_CFLAGS_value=
ac_cv_env_libpng_LIBS_set=
ac_cv_env_libpng_LIBS_value=
ac_cv_env_target_alias_set=
ac_cv_env_target_alias_value=
ac_cv_env_zlib_CFLAGS_set=
ac_cv_env_zlib_CFLAGS_value=
ac_cv_env_zlib_LIBS_set=
ac_cv_env_zlib_LIBS_value=
ac_cv_objext=o
ac_cv_path_ac_pt_PKG_CONFIG=/usr/local/bin/pkg-config
ac_cv_path_install='/usr/bin/install -c'
ac_cv_prog_AWK=awk
ac_cv_prog_ac_ct_CC=gcc
ac_cv_prog_ac_ct_CXX=g++
ac_cv_prog_cc_c89=
ac_cv_prog_cc_g=yes
ac_cv_prog_cxx_g=yes
ac_cv_prog_make_make_set=yes
am_cv_CC_dependencies_compiler_type=gcc3
am_cv_CXX_dependencies_compiler_type=gcc3
am_cv_make_support_nested_variables=yes
am_cv_prog_cc_c_o=yes
pkg_cv_eigen3_CFLAGS=-I/usr/local/include/eigen3
pkg_cv_eigen3_LIBS=
pkg_cv_libpng_CFLAGS=-I/usr/local/include/libpng16
pkg_cv_libpng_LIBS='-L/usr/local/lib -lpng16'
pkg_cv_zlib_CFLAGS=
pkg_cv_zlib_LIBS=-lz

## ----------------- ##
## Output variables. ##
## ----------------- ##

ACLOCAL='${SHELL} /Users/ray/src/hmmkit/missing aclocal-1.15'
AMDEPBACKSLASH='\'
AMDEP_FALSE='#'
AMDEP_TRUE=''
AMTAR='$${TAR-tar}'
AM_BACKSLASH='\'
AM_DEFAULT_V='$(AM_DEFAULT_VERBOSITY)'
AM_DEFAULT_VERBOSITY='1'
AM_V='$(V)'
AUTOCONF='${SHELL} /Users/ray/src/hmmkit/missing autoconf'
AUTOHEADER='${SHELL} /Users/ray/src/hmmkit/missing autoheader'
AUTOMAKE='${SHELL} /Users/ray/src/hmmkit/missing automake-1.15'
AWK='awk'
CC='gcc'
CCDEPMODE='depmode=gcc3'
CFLAGS='-g -O2'
CPPFLAGS=''
CXX='g++'
CXXDEPMODE='depmode=gcc3'
CXXFLAGS='-g -O2'
CYGPATH_W='echo'
DEFS='-DPACKAGE_NAME=\"hmmkit\" -DPACKAGE_TARNAME=\"hmmkit\" -DPACKAGE_VERSION=\"0.1.0\" -DPACKAGE_STRING=\"hmmkit\ 0.1.0\" -DPACKAGE_BUGREPORT=\"\" -DPACKAGE_URL=\"\" -DPACKAGE=\"hmmkit\" -DVERSION=\"0.1.0\"'
DEPDIR='.deps'
ECHO_C='\c'
ECHO_N=''
ECHO_T=''
EXEEXT=''
INSTALL_DATA='${INSTALL} -m 644'
INSTALL_PROGRAM='${INSTALL}'
INSTALL_SCRIPT='${INSTALL}'
INSTALL_STRIP_PROGRAM='$(install_sh) -c -s'
LDFLAGS=''
LIBOBJS=''
LIBS=''
LTLIBOBJS=''
MAKEINFO='${SHELL} /Users/ray/src/hmmkit/missing makeinfo'
MKDIR_P='./install-sh -c -d'
OBJEXT='o'
PACKAGE='hmmkit'
PACKAGE_BUGREPORT=''
PACKAGE_NAME='hmmkit'
PACKAGE_STRING='hmmkit 0.1.0'
PACKAGE_TARNAME='hmmkit'
PACKAGE_URL=''
PACKAGE_VERSION='0.1.0'
PATH_SEPARATOR=':'
PKG_CONFIG='/usr/local/bin/pkg-config'
PKG_CONFIG_LIBDIR=''
PKG_CONFIG_PATH=''
SET_MAKE=''
SHELL='/bin/sh'
STRIP=''
VERSION='0.1.0'
ac_ct_CC='gcc'
ac_ct_CXX='g++'
am__EXEEXT_FALSE=''
am__EXEEXT_TRUE='#'
am__fastdepCC_FALSE='#'
am__fastdepCC_TRUE=''
am__fastdepCXX_FALSE='#'
am__fastdepCXX_TRUE=''
am__include='include'
am__isrc=''
am__leading_dot='.'
am__nodep='_no'
am__quote=''
am__tar='$${TAR-tar} chof - "$$tardir"'
am__untar='$${TAR-tar} xf -'
bindir='${exec_prefix}/bin'
build_alias=''
datadir='${datarootdir}'
datarootdir='${prefix}/share'
docdir='${datarootdir}/doc/${PACKAGE_TARNAME}'
dvidir='${docdir}'
eigen3_CFLAGS='-I/usr/local/include/eigen3'
eigen3_LIBS=''
exec_prefix='${prefix}'
host_alias=''
htmldir='${docdir}'
includedir='${prefix}/include'
infodir='${datarootdir}/info'
install_sh='${SHELL} /Users/ray/src/hmmkit/install-sh'
libdir='${exec_prefix}/lib'
libexecdir='${exec_prefix}/libexec'
libpng_CFLAGS='-I/usr/local/include/libpng16'
libpng_LIBS='-L/usr/local/lib -lpng16'
localedir='${datarootdir}/locale'
localstatedir='${prefix}/var'
mandir='${datarootdir}/man'
mkdir_p='$(MKDIR_P)'
oldincludedir='/usr/include'
pdfdir='${docdir}'
prefix='/usr/local'
program_transform_name='s,x,x,'
psdir='${docdir}'
sbindir='${exec_prefix}/sbin'
sharedstatedir='${prefix}/com'
sysconfdir='${prefix}/etc'
target_alias=''
zlib_CFLAGS=''
zlib_LIBS='-lz'

## ----------- ##
## confdefs.h. ##
## ----------- ##

/* confdefs.h */
#define PACKAGE_NAME "hmmkit"
#define PACKAGE_TARNAME "hmmkit"
#define PACKAGE_VERSION "0.1.0"
#define PACKAGE_STRING "hmmkit 0.1.0"
#define PACKAGE_BUGREPORT ""
#define PACKAGE_URL ""
#define PACKAGE "hmmkit"
#define VERSION "0.1.0"

configure: exit 0
